Calculating (-1, -1)
Calculating (-1, -2)
Calculating (-1, -3)
Calculating (-1, -4)
Calculating (-1, -5)
Calculating (-1, -6)
Calculating (-2, -1)
Calculating (-2, -2)
Calculating (-2, -3)
Calculating (-2, -4)
Calculating (-2, -5)
Calculating (-2, -6)
Calculating (-3, -1)
Calculating (-3, -2)
Calculating (-3, -3)
Calculating (-3, -4)
Calculating (-3, -5)
Calculating (-3, -6)
Calculating (-4, -1)
Calculating (-4, -2)
Calculating (-4, -3)
Calculating (-4, -4)
Calculating (-4, -5)
Calculating (-4, -6)
Calculating (-5, -1)
Calculating (-5, -2)
Calculating (-5, -3)
Calculating (-5, -4)
Calculating (-5, -5)
Calculating (-5, -6)
Calculating (-6, -1)
Calculating (-6, -2)
Calculating (-6, -3)
Calculating (-6, -4)
Calculating (-6, -4)
Calculating (-6, -5)
Calculating (-6, -6)
