Calculating [-1, -1, -1, -1]
Calculating [-1, -1, -1, -2]
Calculating [-1, -1, -1, -3]
Calculating [-1, -1, -1, -4]
Calculating [-1, -1, -1, -5]
Calculating [-1, -1, -1, -6]
Calculating [-1, -1, -2, -1]
Calculating [-1, -1, -2, -2]
Calculating [-1, -1, -2, -3]
Calculating [-1, -1, -2, -4]
Calculating [-1, -1, -2, -5]
Calculating [-1, -1, -2, -6]
Calculating [-1, -1, -3, -1]
Calculating [-1, -1, -3, -2]
Calculating [-1, -1, -3, -3]
Calculating [-1, -1, -3, -4]
Calculating [-1, -1, -3, -5]
Calculating [-1, -1, -3, -6]
Calculating [-1, -1, -4, -1]
Calculating [-1, -1, -4, -2]
Calculating [-1, -1, -4, -3]
Calculating [-1, -1, -4, -4]
Calculating [-1, -1, -4, -5]
Calculating [-1, -1, -4, -6]
Calculating [-1, -1, -5, -1]
Calculating [-1, -1, -5, -2]
Calculating [-1, -1, -5, -3]
Calculating [-1, -1, -5, -4]
Calculating [-1, -1, -5, -5]
Calculating [-1, -1, -5, -6]
Calculating [-1, -1, -6, -1]
Calculating [-1, -1, -6, -2]
Calculating [-1, -1, -6, -3]
Calculating [-1, -1, -6, -4]
Calculating [-1, -1, -6, -5]
Calculating [-1, -1, -6, -6]
Calculating [-1, -2, -1, -1]
Calculating [-1, -2, -1, -2]
Calculating [-1, -2, -1, -3]
Calculating [-1, -2, -1, -4]
Calculating [-1, -2, -1, -5]
Calculating [-1, -2, -1, -6]
Calculating [-1, -2, -2, -1]
Calculating [-1, -2, -2, -2]
Calculating [-1, -2, -2, -3]
Calculating [-1, -2, -2, -4]
Calculating [-1, -2, -2, -5]
Calculating [-1, -2, -2, -6]
Calculating [-1, -2, -3, -1]
Calculating [-1, -2, -3, -2]
Calculating [-1, -2, -3, -3]
Calculating [-1, -2, -3, -4]
Calculating [-1, -2, -3, -5]
Calculating [-1, -2, -3, -6]
Calculating [-1, -2, -4, -1]
Calculating [-1, -2, -4, -2]
Calculating [-1, -2, -4, -3]
Calculating [-1, -2, -4, -4]
Calculating [-1, -2, -4, -5]
Calculating [-1, -2, -4, -6]
Calculating [-1, -2, -5, -1]
Calculating [-1, -2, -5, -2]
Calculating [-1, -2, -5, -3]
Calculating [-1, -2, -5, -4]
Calculating [-1, -2, -5, -5]
Calculating [-1, -2, -5, -6]
Calculating [-1, -2, -6, -1]
Calculating [-1, -2, -6, -2]
Calculating [-1, -2, -6, -3]
Calculating [-1, -2, -6, -4]
Calculating [-1, -2, -6, -5]
Calculating [-1, -2, -6, -6]
Calculating [-1, -3, -1, -1]
Calculating [-1, -3, -1, -2]
Calculating [-1, -3, -1, -3]
Calculating [-1, -3, -1, -4]
Calculating [-1, -3, -1, -5]
Calculating [-1, -3, -1, -6]
Calculating [-1, -3, -2, -1]
Calculating [-1, -3, -2, -2]
Calculating [-1, -3, -2, -3]
Calculating [-1, -3, -2, -4]
Calculating [-1, -3, -2, -5]
Calculating [-1, -3, -2, -6]
Calculating [-1, -3, -3, -1]
Calculating [-1, -3, -3, -2]
Calculating [-1, -3, -3, -3]
Calculating [-1, -3, -3, -4]
Calculating [-1, -3, -3, -5]
Calculating [-1, -3, -3, -6]
Calculating [-1, -3, -4, -1]
Calculating [-1, -3, -4, -2]
Calculating [-1, -3, -4, -3]
Calculating [-1, -3, -4, -4]
Calculating [-1, -3, -4, -5]
Calculating [-1, -3, -4, -6]
Calculating [-1, -3, -5, -1]
Calculating [-1, -3, -5, -2]
Calculating [-1, -3, -5, -3]
Calculating [-1, -3, -5, -4]
Calculating [-1, -3, -5, -5]
Calculating [-1, -3, -5, -6]
Calculating [-1, -3, -6, -1]
Calculating [-1, -3, -6, -2]
Calculating [-1, -3, -6, -3]
Calculating [-1, -3, -6, -4]
Calculating [-1, -3, -6, -5]
Calculating [-1, -3, -6, -6]
Calculating [-1, -4, -1, -1]
Calculating [-1, -4, -1, -2]
Calculating [-1, -4, -1, -3]
Calculating [-1, -4, -1, -4]
Calculating [-1, -4, -1, -5]
Calculating [-1, -4, -1, -6]
Calculating [-1, -4, -2, -1]
Calculating [-1, -4, -2, -2]
Calculating [-1, -4, -2, -3]
Calculating [-1, -4, -2, -4]
Calculating [-1, -4, -2, -5]
Calculating [-1, -4, -2, -6]
Calculating [-1, -4, -3, -1]
Calculating [-1, -4, -3, -2]
Calculating [-1, -4, -3, -3]
Calculating [-1, -4, -3, -4]
Calculating [-1, -4, -3, -5]
Calculating [-1, -4, -3, -6]
Calculating [-1, -4, -4, -1]
Calculating [-1, -4, -4, -2]
Calculating [-1, -4, -4, -3]
Calculating [-1, -4, -4, -4]
Calculating [-1, -4, -4, -5]
Calculating [-1, -4, -4, -6]
Calculating [-1, -4, -5, -1]
Calculating [-1, -4, -5, -2]
Calculating [-1, -4, -5, -3]
Calculating [-1, -4, -5, -4]
Calculating [-1, -4, -5, -5]
Calculating [-1, -4, -5, -6]
Calculating [-1, -4, -6, -1]
Calculating [-1, -4, -6, -2]
Calculating [-1, -4, -6, -3]
Calculating [-1, -4, -6, -4]
Calculating [-1, -4, -6, -5]
Calculating [-1, -4, -6, -6]
Calculating [-1, -5, -1, -1]
Calculating [-1, -5, -1, -2]
Calculating [-1, -5, -1, -3]
Calculating [-1, -5, -1, -4]
Calculating [-1, -5, -1, -5]
Calculating [-1, -5, -1, -6]
Calculating [-1, -5, -2, -1]
Calculating [-1, -5, -2, -2]
Calculating [-1, -5, -2, -3]
Calculating [-1, -5, -2, -4]
Calculating [-1, -5, -2, -5]
Calculating [-1, -5, -2, -6]
Calculating [-1, -5, -3, -1]
Calculating [-1, -5, -3, -2]
Calculating [-1, -5, -3, -3]
Calculating [-1, -5, -3, -4]
Calculating [-1, -5, -3, -5]
Calculating [-1, -5, -3, -6]
Calculating [-1, -5, -4, -1]
Calculating [-1, -5, -4, -2]
Calculating [-1, -5, -4, -3]
Calculating [-1, -5, -4, -4]
Calculating [-1, -5, -4, -5]
Calculating [-1, -5, -4, -6]
Calculating [-1, -5, -5, -1]
Calculating [-1, -5, -5, -2]
Calculating [-1, -5, -5, -3]
Calculating [-1, -5, -5, -4]
Calculating [-1, -5, -5, -5]
Calculating [-1, -5, -5, -6]
Calculating [-1, -5, -6, -1]
Calculating [-1, -5, -6, -2]
Calculating [-1, -5, -6, -3]
Calculating [-1, -5, -6, -4]
Calculating [-1, -5, -6, -5]
Calculating [-1, -5, -6, -6]
Calculating [-1, -6, -1, -1]
Calculating [-1, -6, -1, -2]
Calculating [-1, -6, -1, -3]
Calculating [-1, -6, -1, -4]
Calculating [-1, -6, -1, -5]
Calculating [-1, -6, -1, -6]
Calculating [-1, -6, -2, -1]
Calculating [-1, -6, -2, -2]
Calculating [-1, -6, -2, -3]
Calculating [-1, -6, -2, -4]
Calculating [-1, -6, -2, -5]
Calculating [-1, -6, -2, -6]
Calculating [-1, -6, -3, -1]
Calculating [-1, -6, -3, -2]
Calculating [-1, -6, -3, -3]
Calculating [-1, -6, -3, -4]
Calculating [-1, -6, -3, -5]
Calculating [-1, -6, -3, -6]
Calculating [-1, -6, -4, -1]
Calculating [-1, -6, -4, -2]
Calculating [-1, -6, -4, -3]
Calculating [-1, -6, -4, -4]
Calculating [-1, -6, -4, -5]
Calculating [-1, -6, -4, -6]
Calculating [-1, -6, -5, -1]
Calculating [-1, -6, -5, -2]
Calculating [-1, -6, -5, -3]
Calculating [-1, -6, -5, -4]
Calculating [-1, -6, -5, -5]
Calculating [-1, -6, -5, -6]
Calculating [-1, -6, -6, -1]
Calculating [-1, -6, -6, -2]
Calculating [-1, -6, -6, -3]
Calculating [-1, -6, -6, -4]
Calculating [-1, -6, -6, -5]
Calculating [-1, -6, -6, -6]
Calculating [-2, -1, -1, -1]
Calculating [-2, -1, -1, -2]
Calculating [-2, -1, -1, -3]
Calculating [-2, -1, -1, -4]
Calculating [-2, -1, -1, -5]
Calculating [-2, -1, -1, -6]
Calculating [-2, -1, -2, -1]
Calculating [-2, -1, -2, -2]
Calculating [-2, -1, -2, -3]
Calculating [-2, -1, -2, -4]
Calculating [-2, -1, -2, -5]
Calculating [-2, -1, -2, -6]
Calculating [-2, -1, -3, -1]
Calculating [-2, -1, -3, -2]
Calculating [-2, -1, -3, -3]
Calculating [-2, -1, -3, -4]
Calculating [-2, -1, -3, -5]
Calculating [-2, -1, -3, -6]
Calculating [-2, -1, -4, -1]
Calculating [-2, -1, -4, -2]
Calculating [-2, -1, -4, -3]
Calculating [-2, -1, -4, -4]
Calculating [-2, -1, -4, -5]
Calculating [-2, -1, -4, -6]
Calculating [-2, -1, -5, -1]
Calculating [-2, -1, -5, -2]
Calculating [-2, -1, -5, -3]
Calculating [-2, -1, -5, -4]
Calculating [-2, -1, -5, -5]
Calculating [-2, -1, -5, -6]
Calculating [-2, -1, -6, -1]
Calculating [-2, -1, -6, -2]
Calculating [-2, -1, -6, -3]
Calculating [-2, -1, -6, -4]
Calculating [-2, -1, -6, -5]
Calculating [-2, -1, -6, -6]
Calculating [-2, -2, -1, -1]
Calculating [-2, -2, -1, -2]
Calculating [-2, -2, -1, -3]
Calculating [-2, -2, -1, -4]
Calculating [-2, -2, -1, -5]
Calculating [-2, -2, -1, -6]
Calculating [-2, -2, -2, -1]
Calculating [-2, -2, -2, -2]
Calculating [-2, -2, -2, -3]
Calculating [-2, -2, -2, -4]
Calculating [-2, -2, -2, -5]
Calculating [-2, -2, -2, -6]
Calculating [-2, -2, -3, -1]
Calculating [-2, -2, -3, -2]
Calculating [-2, -2, -3, -3]
Calculating [-2, -2, -3, -4]
Calculating [-2, -2, -3, -5]
Calculating [-2, -2, -3, -6]
Calculating [-2, -2, -4, -1]
Calculating [-2, -2, -4, -2]
Calculating [-2, -2, -4, -3]
Calculating [-2, -2, -4, -4]
Calculating [-2, -2, -4, -5]
Calculating [-2, -2, -4, -6]
Calculating [-2, -2, -5, -1]
Calculating [-2, -2, -5, -2]
Calculating [-2, -2, -5, -3]
Calculating [-2, -2, -5, -4]
Calculating [-2, -2, -5, -5]
Calculating [-2, -2, -5, -6]
Calculating [-2, -2, -6, -1]
Calculating [-2, -2, -6, -2]
Calculating [-2, -2, -6, -3]
Calculating [-2, -2, -6, -4]
Calculating [-2, -2, -6, -5]
Calculating [-2, -2, -6, -6]
Calculating [-2, -3, -1, -1]
Calculating [-2, -3, -1, -2]
Calculating [-2, -3, -1, -3]
Calculating [-2, -3, -1, -4]
Calculating [-2, -3, -1, -5]
Calculating [-2, -3, -1, -6]
Calculating [-2, -3, -2, -1]
Calculating [-2, -3, -2, -2]
Calculating [-2, -3, -2, -3]
Calculating [-2, -3, -2, -4]
Calculating [-2, -3, -2, -5]
Calculating [-2, -3, -2, -6]
Calculating [-2, -3, -3, -1]
Calculating [-2, -3, -3, -2]
Calculating [-2, -3, -3, -3]
Calculating [-2, -3, -3, -4]
Calculating [-2, -3, -3, -5]
Calculating [-2, -3, -3, -6]
Calculating [-2, -3, -4, -1]
Calculating [-2, -3, -4, -2]
Calculating [-2, -3, -4, -3]
Calculating [-2, -3, -4, -4]
Calculating [-2, -3, -4, -5]
Calculating [-2, -3, -4, -6]
Calculating [-2, -3, -5, -1]
Calculating [-2, -3, -5, -2]
Calculating [-2, -3, -5, -3]
Calculating [-2, -3, -5, -4]
Calculating [-2, -3, -5, -5]
Calculating [-2, -3, -5, -6]
Calculating [-2, -3, -6, -1]
Calculating [-2, -3, -6, -2]
Calculating [-2, -3, -6, -3]
Calculating [-2, -3, -6, -4]
Calculating [-2, -3, -6, -5]
Calculating [-2, -3, -6, -6]
Calculating [-2, -4, -1, -1]
Calculating [-2, -4, -1, -2]
Calculating [-2, -4, -1, -3]
Calculating [-2, -4, -1, -4]
Calculating [-2, -4, -1, -5]
Calculating [-2, -4, -1, -6]
Calculating [-2, -4, -2, -1]
Calculating [-2, -4, -2, -2]
Calculating [-2, -4, -2, -3]
Calculating [-2, -4, -2, -4]
Calculating [-2, -4, -2, -5]
Calculating [-2, -4, -2, -6]
Calculating [-2, -4, -3, -1]
Calculating [-2, -4, -3, -2]
Calculating [-2, -4, -3, -3]
Calculating [-2, -4, -3, -4]
Calculating [-2, -4, -3, -5]
Calculating [-2, -4, -3, -6]
Calculating [-2, -4, -4, -1]
Calculating [-2, -4, -4, -2]
Calculating [-2, -4, -4, -3]
Calculating [-2, -4, -4, -4]
Calculating [-2, -4, -4, -5]
Calculating [-2, -4, -4, -6]
Calculating [-2, -4, -5, -1]
Calculating [-2, -4, -5, -2]
Calculating [-2, -4, -5, -3]
Calculating [-2, -4, -5, -4]
Calculating [-2, -4, -5, -5]
Calculating [-2, -4, -5, -6]
Calculating [-2, -4, -6, -1]
Calculating [-2, -4, -6, -2]
Calculating [-2, -4, -6, -3]
Calculating [-2, -4, -6, -4]
Calculating [-2, -4, -6, -5]
Calculating [-2, -4, -6, -6]
Calculating [-2, -5, -1, -1]
Calculating [-2, -5, -1, -2]
Calculating [-2, -5, -1, -3]
Calculating [-2, -5, -1, -4]
Calculating [-2, -5, -1, -5]
Calculating [-2, -5, -1, -6]
Calculating [-2, -5, -2, -1]
Calculating [-2, -5, -2, -2]
Calculating [-2, -5, -2, -3]
Calculating [-2, -5, -2, -4]
Calculating [-2, -5, -2, -5]
Calculating [-2, -5, -2, -6]
Calculating [-2, -5, -3, -1]
Calculating [-2, -5, -3, -2]
Calculating [-2, -5, -3, -3]
Calculating [-2, -5, -3, -4]
Calculating [-2, -5, -3, -5]
Calculating [-2, -5, -3, -6]
Calculating [-2, -5, -4, -1]
Calculating [-2, -5, -4, -2]
Calculating [-2, -5, -4, -3]
Calculating [-2, -5, -4, -4]
Calculating [-2, -5, -4, -5]
Calculating [-2, -5, -4, -6]
Calculating [-2, -5, -5, -1]
Calculating [-2, -5, -5, -2]
Calculating [-2, -5, -5, -3]
Calculating [-2, -5, -5, -4]
Calculating [-2, -5, -5, -5]
Calculating [-2, -5, -5, -6]
Calculating [-2, -5, -6, -1]
Calculating [-2, -5, -6, -2]
Calculating [-2, -5, -6, -3]
Calculating [-2, -5, -6, -4]
Calculating [-2, -5, -6, -5]
Calculating [-2, -5, -6, -6]
Calculating [-2, -6, -1, -1]
Calculating [-2, -6, -1, -2]
Calculating [-2, -6, -1, -3]
Calculating [-2, -6, -1, -4]
Calculating [-2, -6, -1, -5]
Calculating [-2, -6, -1, -6]
Calculating [-2, -6, -2, -1]
Calculating [-2, -6, -2, -2]
Calculating [-2, -6, -2, -3]
Calculating [-2, -6, -2, -4]
Calculating [-2, -6, -2, -5]
Calculating [-2, -6, -2, -6]
Calculating [-2, -6, -3, -1]
Calculating [-2, -6, -3, -2]
Calculating [-2, -6, -3, -3]
Calculating [-2, -6, -3, -4]
Calculating [-2, -6, -3, -5]
Calculating [-2, -6, -3, -6]
Calculating [-2, -6, -4, -1]
Calculating [-2, -6, -4, -2]
Calculating [-2, -6, -4, -3]
Calculating [-2, -6, -4, -4]
Calculating [-2, -6, -4, -5]
Calculating [-2, -6, -4, -6]
Calculating [-2, -6, -5, -1]
Calculating [-2, -6, -5, -2]
Calculating [-2, -6, -5, -3]
Calculating [-2, -6, -5, -4]
Calculating [-2, -6, -5, -5]
Calculating [-2, -6, -5, -6]
Calculating [-2, -6, -6, -1]
Calculating [-2, -6, -6, -2]
Calculating [-2, -6, -6, -3]
Calculating [-2, -6, -6, -4]
Calculating [-2, -6, -6, -5]
Calculating [-2, -6, -6, -6]
Calculating [-3, -1, -1, -1]
Calculating [-3, -1, -1, -2]
Calculating [-3, -1, -1, -3]
Calculating [-3, -1, -1, -4]
Calculating [-3, -1, -1, -5]
Calculating [-3, -1, -1, -6]
Calculating [-3, -1, -2, -1]
Calculating [-3, -1, -2, -2]
Calculating [-3, -1, -2, -3]
Calculating [-3, -1, -2, -4]
Calculating [-3, -1, -2, -5]
Calculating [-3, -1, -2, -6]
Calculating [-3, -1, -3, -1]
Calculating [-3, -1, -3, -2]
Calculating [-3, -1, -3, -3]
Calculating [-3, -1, -3, -4]
Calculating [-3, -1, -3, -5]
Calculating [-3, -1, -3, -6]
Calculating [-3, -1, -4, -1]
Calculating [-3, -1, -4, -2]
Calculating [-3, -1, -4, -3]
Calculating [-3, -1, -4, -4]
Calculating [-3, -1, -4, -5]
Calculating [-3, -1, -4, -6]
Calculating [-3, -1, -5, -1]
Calculating [-3, -1, -5, -2]
Calculating [-3, -1, -5, -3]
Calculating [-3, -1, -5, -4]
Calculating [-3, -1, -5, -5]
Calculating [-3, -1, -5, -6]
Calculating [-3, -1, -6, -1]
Calculating [-3, -1, -6, -2]
Calculating [-3, -1, -6, -3]
Calculating [-3, -1, -6, -4]
Calculating [-3, -1, -6, -5]
Calculating [-3, -1, -6, -6]
Calculating [-3, -2, -1, -1]
Calculating [-3, -2, -1, -2]
Calculating [-3, -2, -1, -3]
Calculating [-3, -2, -1, -4]
Calculating [-3, -2, -1, -5]
Calculating [-3, -2, -1, -6]
Calculating [-3, -2, -2, -1]
Calculating [-3, -2, -2, -2]
Calculating [-3, -2, -2, -3]
Calculating [-3, -2, -2, -4]
Calculating [-3, -2, -2, -5]
Calculating [-3, -2, -2, -6]
Calculating [-3, -2, -3, -1]
Calculating [-3, -2, -3, -2]
Calculating [-3, -2, -3, -3]
Calculating [-3, -2, -3, -4]
Calculating [-3, -2, -3, -5]
Calculating [-3, -2, -3, -6]
Calculating [-3, -2, -4, -1]
Calculating [-3, -2, -4, -2]
Calculating [-3, -2, -4, -3]
Calculating [-3, -2, -4, -4]
Calculating [-3, -2, -4, -5]
Calculating [-3, -2, -4, -6]
Calculating [-3, -2, -5, -1]
Calculating [-3, -2, -5, -2]
Calculating [-3, -2, -5, -3]
Calculating [-3, -2, -5, -4]
Calculating [-3, -2, -5, -5]
Calculating [-3, -2, -5, -6]
Calculating [-3, -2, -6, -1]
Calculating [-3, -2, -6, -2]
Calculating [-3, -2, -6, -3]
Calculating [-3, -2, -6, -4]
Calculating [-3, -2, -6, -5]
Calculating [-3, -2, -6, -6]
Calculating [-3, -3, -1, -1]
Calculating [-3, -3, -1, -2]
Calculating [-3, -3, -1, -3]
Calculating [-3, -3, -1, -4]
Calculating [-3, -3, -1, -5]
Calculating [-3, -3, -1, -6]
Calculating [-3, -3, -2, -1]
Calculating [-3, -3, -2, -2]
Calculating [-3, -3, -2, -3]
Calculating [-3, -3, -2, -4]
Calculating [-3, -3, -2, -5]
Calculating [-3, -3, -2, -6]
Calculating [-3, -3, -3, -1]
Calculating [-3, -3, -3, -2]
Calculating [-3, -3, -3, -3]
Calculating [-3, -3, -3, -4]
Calculating [-3, -3, -3, -5]
Calculating [-3, -3, -3, -6]
Calculating [-3, -3, -4, -1]
Calculating [-3, -3, -4, -2]
Calculating [-3, -3, -4, -3]
Calculating [-3, -3, -4, -4]
Calculating [-3, -3, -4, -5]
Calculating [-3, -3, -4, -6]
Calculating [-3, -3, -5, -1]
Calculating [-3, -3, -5, -2]
Calculating [-3, -3, -5, -3]
Calculating [-3, -3, -5, -4]
Calculating [-3, -3, -5, -5]
Calculating [-3, -3, -5, -6]
Calculating [-3, -3, -6, -1]
Calculating [-3, -3, -6, -2]
Calculating [-3, -3, -6, -3]
Calculating [-3, -3, -6, -4]
Calculating [-3, -3, -6, -5]
Calculating [-3, -3, -6, -6]
Calculating [-3, -4, -1, -1]
Calculating [-3, -4, -1, -2]
Calculating [-3, -4, -1, -3]
Calculating [-3, -4, -1, -4]
Calculating [-3, -4, -1, -5]
Calculating [-3, -4, -1, -6]
Calculating [-3, -4, -2, -1]
Calculating [-3, -4, -2, -2]
Calculating [-3, -4, -2, -3]
Calculating [-3, -4, -2, -4]
Calculating [-3, -4, -2, -5]
Calculating [-3, -4, -2, -6]
Calculating [-3, -4, -3, -1]
Calculating [-3, -4, -3, -2]
Calculating [-3, -4, -3, -3]
Calculating [-3, -4, -3, -4]
Calculating [-3, -4, -3, -5]
Calculating [-3, -4, -3, -6]
Calculating [-3, -4, -4, -1]
Calculating [-3, -4, -4, -2]
Calculating [-3, -4, -4, -3]
Calculating [-3, -4, -4, -4]
Calculating [-3, -4, -4, -5]
Calculating [-3, -4, -4, -6]
Calculating [-3, -4, -5, -1]
Calculating [-3, -4, -5, -2]
Calculating [-3, -4, -5, -3]
Calculating [-3, -4, -5, -4]
Calculating [-3, -4, -5, -5]
Calculating [-3, -4, -5, -6]
Calculating [-3, -4, -6, -1]
Calculating [-3, -4, -6, -2]
Calculating [-3, -4, -6, -3]
Calculating [-3, -4, -6, -4]
Calculating [-3, -4, -6, -5]
Calculating [-3, -4, -6, -6]
Calculating [-3, -5, -1, -1]
Calculating [-3, -5, -1, -2]
Calculating [-3, -5, -1, -3]
Calculating [-3, -5, -1, -4]
Calculating [-3, -5, -1, -5]
Calculating [-3, -5, -1, -6]
Calculating [-3, -5, -2, -1]
Calculating [-3, -5, -2, -2]
Calculating [-3, -5, -2, -3]
Calculating [-3, -5, -2, -4]
Calculating [-3, -5, -2, -5]
Calculating [-3, -5, -2, -6]
Calculating [-3, -5, -3, -1]
Calculating [-3, -5, -3, -2]
Calculating [-3, -5, -3, -3]
Calculating [-3, -5, -3, -4]
Calculating [-3, -5, -3, -5]
Calculating [-3, -5, -3, -6]
Calculating [-3, -5, -4, -1]
Calculating [-3, -5, -4, -2]
Calculating [-3, -5, -4, -3]
Calculating [-3, -5, -4, -4]
Calculating [-3, -5, -4, -5]
Calculating [-3, -5, -4, -6]
Calculating [-3, -5, -5, -1]
Calculating [-3, -5, -5, -2]
Calculating [-3, -5, -5, -3]
Calculating [-3, -5, -5, -4]
Calculating [-3, -5, -5, -5]
Calculating [-3, -5, -5, -6]
Calculating [-3, -5, -6, -1]
Calculating [-3, -5, -6, -2]
Calculating [-3, -5, -6, -3]
Calculating [-3, -5, -6, -4]
Calculating [-3, -5, -6, -5]
Calculating [-3, -5, -6, -6]
Calculating [-3, -6, -1, -1]
Calculating [-3, -6, -1, -2]
Calculating [-3, -6, -1, -3]
Calculating [-3, -6, -1, -4]
Calculating [-3, -6, -1, -5]
Calculating [-3, -6, -1, -6]
Calculating [-3, -6, -2, -1]
Calculating [-3, -6, -2, -2]
Calculating [-3, -6, -2, -3]
Calculating [-3, -6, -2, -4]
Calculating [-3, -6, -2, -5]
Calculating [-3, -6, -2, -6]
Calculating [-3, -6, -3, -1]
Calculating [-3, -6, -3, -2]
Calculating [-3, -6, -3, -3]
Calculating [-3, -6, -3, -4]
Calculating [-3, -6, -3, -5]
Calculating [-3, -6, -3, -6]
Calculating [-3, -6, -4, -1]
Calculating [-3, -6, -4, -2]
Calculating [-3, -6, -4, -3]
Calculating [-3, -6, -4, -4]
Calculating [-3, -6, -4, -5]
Calculating [-3, -6, -4, -6]
Calculating [-3, -6, -5, -1]
Calculating [-3, -6, -5, -2]
Calculating [-3, -6, -5, -3]
Calculating [-3, -6, -5, -4]
Calculating [-3, -6, -5, -5]
Calculating [-3, -6, -5, -6]
Calculating [-3, -6, -6, -1]
Calculating [-3, -6, -6, -2]
Calculating [-3, -6, -6, -3]
Calculating [-3, -6, -6, -4]
Calculating [-3, -6, -6, -5]
Calculating [-3, -6, -6, -6]
Calculating [-4, -1, -1, -1]
Calculating [-4, -1, -1, -2]
Calculating [-4, -1, -1, -3]
Calculating [-4, -1, -1, -4]
Calculating [-4, -1, -1, -5]
Calculating [-4, -1, -1, -6]
Calculating [-4, -1, -2, -1]
Calculating [-4, -1, -2, -2]
Calculating [-4, -1, -2, -3]
Calculating [-4, -1, -2, -4]
Calculating [-4, -1, -2, -5]
Calculating [-4, -1, -2, -6]
Calculating [-4, -1, -3, -1]
Calculating [-4, -1, -3, -2]
Calculating [-4, -1, -3, -3]
Calculating [-4, -1, -3, -4]
Calculating [-4, -1, -3, -5]
Calculating [-4, -1, -3, -6]
Calculating [-4, -1, -4, -1]
Calculating [-4, -1, -4, -2]
Calculating [-4, -1, -4, -3]
Calculating [-4, -1, -4, -4]
Calculating [-4, -1, -4, -5]
Calculating [-4, -1, -4, -6]
Calculating [-4, -1, -5, -1]
Calculating [-4, -1, -5, -2]
Calculating [-4, -1, -5, -3]
Calculating [-4, -1, -5, -4]
Calculating [-4, -1, -5, -5]
Calculating [-4, -1, -5, -6]
Calculating [-4, -1, -6, -1]
Calculating [-4, -1, -6, -2]
Calculating [-4, -1, -6, -3]
Calculating [-4, -1, -6, -4]
Calculating [-4, -1, -6, -5]
Calculating [-4, -1, -6, -6]
Calculating [-4, -2, -1, -1]
Calculating [-4, -2, -1, -2]
Calculating [-4, -2, -1, -3]
Calculating [-4, -2, -1, -4]
Calculating [-4, -2, -1, -5]
Calculating [-4, -2, -1, -6]
Calculating [-4, -2, -2, -1]
Calculating [-4, -2, -2, -2]
Calculating [-4, -2, -2, -3]
Calculating [-4, -2, -2, -4]
Calculating [-4, -2, -2, -5]
Calculating [-4, -2, -2, -6]
Calculating [-4, -2, -3, -1]
Calculating [-4, -2, -3, -2]
Calculating [-4, -2, -3, -3]
Calculating [-4, -2, -3, -4]
Calculating [-4, -2, -3, -5]
Calculating [-4, -2, -3, -6]
Calculating [-4, -2, -4, -1]
Calculating [-4, -2, -4, -2]
Calculating [-4, -2, -4, -3]
Calculating [-4, -2, -4, -4]
Calculating [-4, -2, -4, -5]
Calculating [-4, -2, -4, -6]
Calculating [-4, -2, -5, -1]
Calculating [-4, -2, -5, -2]
Calculating [-4, -2, -5, -3]
Calculating [-4, -2, -5, -4]
Calculating [-4, -2, -5, -5]
Calculating [-4, -2, -5, -6]
Calculating [-4, -2, -6, -1]
Calculating [-4, -2, -6, -2]
Calculating [-4, -2, -6, -3]
Calculating [-4, -2, -6, -4]
Calculating [-4, -2, -6, -5]
Calculating [-4, -2, -6, -6]
Calculating [-4, -3, -1, -1]
Calculating [-4, -3, -1, -2]
Calculating [-4, -3, -1, -3]
Calculating [-4, -3, -1, -4]
Calculating [-4, -3, -1, -5]
Calculating [-4, -3, -1, -6]
Calculating [-4, -3, -2, -1]
Calculating [-4, -3, -2, -2]
Calculating [-4, -3, -2, -3]
Calculating [-4, -3, -2, -4]
Calculating [-4, -3, -2, -5]
Calculating [-4, -3, -2, -6]
Calculating [-4, -3, -3, -1]
Calculating [-4, -3, -3, -2]
Calculating [-4, -3, -3, -3]
Calculating [-4, -3, -3, -4]
Calculating [-4, -3, -3, -5]
Calculating [-4, -3, -3, -6]
Calculating [-4, -3, -4, -1]
Calculating [-4, -3, -4, -2]
Calculating [-4, -3, -4, -3]
Calculating [-4, -3, -4, -4]
Calculating [-4, -3, -4, -5]
Calculating [-4, -3, -4, -6]
Calculating [-4, -3, -5, -1]
Calculating [-4, -3, -5, -2]
Calculating [-4, -3, -5, -3]
Calculating [-4, -3, -5, -4]
Calculating [-4, -3, -5, -5]
Calculating [-4, -3, -5, -6]
Calculating [-4, -3, -6, -1]
Calculating [-4, -3, -6, -2]
Calculating [-4, -3, -6, -3]
Calculating [-4, -3, -6, -4]
Calculating [-4, -3, -6, -5]
Calculating [-4, -3, -6, -6]
Calculating [-4, -4, -1, -1]
Calculating [-4, -4, -1, -2]
Calculating [-4, -4, -1, -3]
Calculating [-4, -4, -1, -4]
Calculating [-4, -4, -1, -5]
Calculating [-4, -4, -1, -6]
Calculating [-4, -4, -2, -1]
Calculating [-4, -4, -2, -2]
Calculating [-4, -4, -2, -3]
Calculating [-4, -4, -2, -4]
Calculating [-4, -4, -2, -5]
Calculating [-4, -4, -2, -6]
Calculating [-4, -4, -3, -1]
Calculating [-4, -4, -3, -2]
Calculating [-4, -4, -3, -3]
Calculating [-4, -4, -3, -4]
Calculating [-4, -4, -3, -5]
Calculating [-4, -4, -3, -6]
Calculating [-4, -4, -4, -1]
Calculating [-4, -4, -4, -2]
Calculating [-4, -4, -4, -3]
Calculating [-4, -4, -4, -4]
Calculating [-4, -4, -4, -5]
Calculating [-4, -4, -4, -6]
Calculating [-4, -4, -5, -1]
Calculating [-4, -4, -5, -2]
Calculating [-4, -4, -5, -3]
Calculating [-4, -4, -5, -4]
Calculating [-4, -4, -5, -5]
Calculating [-4, -4, -5, -6]
Calculating [-4, -4, -6, -1]
Calculating [-4, -4, -6, -2]
Calculating [-4, -4, -6, -3]
Calculating [-4, -4, -6, -4]
Calculating [-4, -4, -6, -5]
Calculating [-4, -4, -6, -6]
Calculating [-4, -5, -1, -1]
Calculating [-4, -5, -1, -2]
Calculating [-4, -5, -1, -3]
Calculating [-4, -5, -1, -4]
Calculating [-4, -5, -1, -5]
Calculating [-4, -5, -1, -6]
Calculating [-4, -5, -2, -1]
Calculating [-4, -5, -2, -2]
Calculating [-4, -5, -2, -3]
Calculating [-4, -5, -2, -4]
Calculating [-4, -5, -2, -5]
Calculating [-4, -5, -2, -6]
Calculating [-4, -5, -3, -1]
Calculating [-4, -5, -3, -2]
Calculating [-4, -5, -3, -3]
Calculating [-4, -5, -3, -4]
Calculating [-4, -5, -3, -5]
Calculating [-4, -5, -3, -6]
Calculating [-4, -5, -4, -1]
Calculating [-4, -5, -4, -2]
Calculating [-4, -5, -4, -3]
Calculating [-4, -5, -4, -4]
Calculating [-4, -5, -4, -5]
Calculating [-4, -5, -4, -6]
Calculating [-4, -5, -5, -1]
Calculating [-4, -5, -5, -2]
Calculating [-4, -5, -5, -3]
Calculating [-4, -5, -5, -4]
Calculating [-4, -5, -5, -5]
Calculating [-4, -5, -5, -6]
Calculating [-4, -5, -6, -1]
Calculating [-4, -5, -6, -2]
Calculating [-4, -5, -6, -3]
Calculating [-4, -5, -6, -4]
Calculating [-4, -5, -6, -5]
Calculating [-4, -5, -6, -6]
Calculating [-4, -6, -1, -1]
Calculating [-4, -6, -1, -2]
Calculating [-4, -6, -1, -3]
Calculating [-4, -6, -1, -4]
Calculating [-4, -6, -1, -5]
Calculating [-4, -6, -1, -6]
Calculating [-4, -6, -2, -1]
Calculating [-4, -6, -2, -2]
Calculating [-4, -6, -2, -3]
Calculating [-4, -6, -2, -4]
Calculating [-4, -6, -2, -5]
Calculating [-4, -6, -2, -6]
Calculating [-4, -6, -3, -1]
Calculating [-4, -6, -3, -2]
Calculating [-4, -6, -3, -3]
Calculating [-4, -6, -3, -4]
Calculating [-4, -6, -3, -5]
Calculating [-4, -6, -3, -6]
Calculating [-4, -6, -4, -1]
Calculating [-4, -6, -4, -2]
Calculating [-4, -6, -4, -3]
Calculating [-4, -6, -4, -4]
Calculating [-4, -6, -4, -5]
Calculating [-4, -6, -4, -6]
Calculating [-4, -6, -5, -1]
Calculating [-4, -6, -5, -2]
Calculating [-4, -6, -5, -3]
Calculating [-4, -6, -5, -4]
Calculating [-4, -6, -5, -5]
Calculating [-4, -6, -5, -6]
Calculating [-4, -6, -6, -1]
Calculating [-4, -6, -6, -2]
Calculating [-4, -6, -6, -3]
Calculating [-4, -6, -6, -4]
Calculating [-4, -6, -6, -5]
Calculating [-4, -6, -6, -6]
Calculating [-5, -1, -1, -1]
Calculating [-5, -1, -1, -2]
Calculating [-5, -1, -1, -3]
Calculating [-5, -1, -1, -4]
Calculating [-5, -1, -1, -5]
Calculating [-5, -1, -1, -6]
Calculating [-5, -1, -2, -1]
Calculating [-5, -1, -2, -2]
Calculating [-5, -1, -2, -3]
Calculating [-5, -1, -2, -4]
Calculating [-5, -1, -2, -5]
Calculating [-5, -1, -2, -6]
Calculating [-5, -1, -3, -1]
Calculating [-5, -1, -3, -2]
Calculating [-5, -1, -3, -3]
Calculating [-5, -1, -3, -4]
Calculating [-5, -1, -3, -5]
Calculating [-5, -1, -3, -6]
Calculating [-5, -1, -4, -1]
Calculating [-5, -1, -4, -2]
Calculating [-5, -1, -4, -3]
Calculating [-5, -1, -4, -4]
Calculating [-5, -1, -4, -5]
Calculating [-5, -1, -4, -6]
Calculating [-5, -1, -5, -1]
Calculating [-5, -1, -5, -2]
Calculating [-5, -1, -5, -3]
Calculating [-5, -1, -5, -4]
Calculating [-5, -1, -5, -5]
Calculating [-5, -1, -5, -6]
Calculating [-5, -1, -6, -1]
Calculating [-5, -1, -6, -2]
Calculating [-5, -1, -6, -3]
Calculating [-5, -1, -6, -4]
Calculating [-5, -1, -6, -5]
Calculating [-5, -1, -6, -6]
Calculating [-5, -2, -1, -1]
Calculating [-5, -2, -1, -2]
Calculating [-5, -2, -1, -3]
Calculating [-5, -2, -1, -4]
Calculating [-5, -2, -1, -5]
Calculating [-5, -2, -1, -6]
Calculating [-5, -2, -2, -1]
Calculating [-5, -2, -2, -2]
Calculating [-5, -2, -2, -3]
Calculating [-5, -2, -2, -4]
Calculating [-5, -2, -2, -5]
Calculating [-5, -2, -2, -6]
Calculating [-5, -2, -3, -1]
Calculating [-5, -2, -3, -2]
Calculating [-5, -2, -3, -3]
Calculating [-5, -2, -3, -4]
Calculating [-5, -2, -3, -5]
Calculating [-5, -2, -3, -6]
Calculating [-5, -2, -4, -1]
Calculating [-5, -2, -4, -2]
Calculating [-5, -2, -4, -3]
Calculating [-5, -2, -4, -4]
Calculating [-5, -2, -4, -5]
Calculating [-5, -2, -4, -6]
Calculating [-5, -2, -5, -1]
Calculating [-5, -2, -5, -2]
Calculating [-5, -2, -5, -3]
Calculating [-5, -2, -5, -4]
Calculating [-5, -2, -5, -5]
Calculating [-5, -2, -5, -6]
Calculating [-5, -2, -6, -1]
Calculating [-5, -2, -6, -2]
Calculating [-5, -2, -6, -3]
Calculating [-5, -2, -6, -4]
Calculating [-5, -2, -6, -5]
Calculating [-5, -2, -6, -6]
Calculating [-5, -3, -1, -1]
Calculating [-5, -3, -1, -2]
Calculating [-5, -3, -1, -3]
Calculating [-5, -3, -1, -4]
Calculating [-5, -3, -1, -5]
Calculating [-5, -3, -1, -6]
Calculating [-5, -3, -2, -1]
Calculating [-5, -3, -2, -2]
Calculating [-5, -3, -2, -3]
Calculating [-5, -3, -2, -4]
Calculating [-5, -3, -2, -5]
Calculating [-5, -3, -2, -6]
Calculating [-5, -3, -3, -1]
Calculating [-5, -3, -3, -2]
Calculating [-5, -3, -3, -3]
Calculating [-5, -3, -3, -4]
Calculating [-5, -3, -3, -5]
Calculating [-5, -3, -3, -6]
Calculating [-5, -3, -4, -1]
Calculating [-5, -3, -4, -2]
Calculating [-5, -3, -4, -3]
Calculating [-5, -3, -4, -4]
Calculating [-5, -3, -4, -5]
Calculating [-5, -3, -4, -6]
Calculating [-5, -3, -5, -1]
Calculating [-5, -3, -5, -2]
Calculating [-5, -3, -5, -3]
Calculating [-5, -3, -5, -4]
Calculating [-5, -3, -5, -5]
Calculating [-5, -3, -5, -6]
Calculating [-5, -3, -6, -1]
Calculating [-5, -3, -6, -2]
Calculating [-5, -3, -6, -3]
Calculating [-5, -3, -6, -4]
Calculating [-5, -3, -6, -5]
Calculating [-5, -3, -6, -6]
Calculating [-5, -4, -1, -1]
Calculating [-5, -4, -1, -2]
Calculating [-5, -4, -1, -3]
Calculating [-5, -4, -1, -4]
Calculating [-5, -4, -1, -5]
Calculating [-5, -4, -1, -6]
Calculating [-5, -4, -2, -1]
Calculating [-5, -4, -2, -2]
Calculating [-5, -4, -2, -3]
Calculating [-5, -4, -2, -4]
Calculating [-5, -4, -2, -5]
Calculating [-5, -4, -2, -6]
Calculating [-5, -4, -3, -1]
Calculating [-5, -4, -3, -2]
Calculating [-5, -4, -3, -3]
Calculating [-5, -4, -3, -4]
Calculating [-5, -4, -3, -5]
Calculating [-5, -4, -3, -6]
Calculating [-5, -4, -4, -1]
Calculating [-5, -4, -4, -2]
Calculating [-5, -4, -4, -3]
Calculating [-5, -4, -4, -4]
Calculating [-5, -4, -4, -5]
Calculating [-5, -4, -4, -6]
Calculating [-5, -4, -5, -1]
Calculating [-5, -4, -5, -2]
Calculating [-5, -4, -5, -3]
Calculating [-5, -4, -5, -4]
Calculating [-5, -4, -5, -5]
Calculating [-5, -4, -5, -6]
Calculating [-5, -4, -6, -1]
Calculating [-5, -4, -6, -2]
Calculating [-5, -4, -6, -3]
Calculating [-5, -4, -6, -4]
Calculating [-5, -4, -6, -5]
Calculating [-5, -4, -6, -6]
Calculating [-5, -5, -1, -1]
Calculating [-5, -5, -1, -2]
Calculating [-5, -5, -1, -3]
Calculating [-5, -5, -1, -4]
Calculating [-5, -5, -1, -5]
Calculating [-5, -5, -1, -6]
Calculating [-5, -5, -2, -1]
Calculating [-5, -5, -2, -2]
Calculating [-5, -5, -2, -3]
Calculating [-5, -5, -2, -4]
Calculating [-5, -5, -2, -5]
Calculating [-5, -5, -2, -6]
Calculating [-5, -5, -3, -1]
Calculating [-5, -5, -3, -2]
Calculating [-5, -5, -3, -3]
Calculating [-5, -5, -3, -4]
Calculating [-5, -5, -3, -5]
Calculating [-5, -5, -3, -6]
Calculating [-5, -5, -4, -1]
Calculating [-5, -5, -4, -2]
Calculating [-5, -5, -4, -3]
Calculating [-5, -5, -4, -4]
Calculating [-5, -5, -4, -5]
Calculating [-5, -5, -4, -6]
Calculating [-5, -5, -5, -1]
Calculating [-5, -5, -5, -2]
Calculating [-5, -5, -5, -3]
Calculating [-5, -5, -5, -4]
Calculating [-5, -5, -5, -5]
Calculating [-5, -5, -5, -6]
Calculating [-5, -5, -6, -1]
Calculating [-5, -5, -6, -2]
Calculating [-5, -5, -6, -3]
Calculating [-5, -5, -6, -4]
Calculating [-5, -5, -6, -5]
Calculating [-5, -5, -6, -6]
Calculating [-5, -6, -1, -1]
Calculating [-5, -6, -1, -2]
Calculating [-5, -6, -1, -3]
Calculating [-5, -6, -1, -4]
Calculating [-5, -6, -1, -5]
Calculating [-5, -6, -1, -6]
Calculating [-5, -6, -2, -1]
Calculating [-5, -6, -2, -2]
Calculating [-5, -6, -2, -3]
Calculating [-5, -6, -2, -4]
Calculating [-5, -6, -2, -5]
Calculating [-5, -6, -2, -6]
Calculating [-5, -6, -3, -1]
Calculating [-5, -6, -3, -2]
Calculating [-5, -6, -3, -3]
Calculating [-5, -6, -3, -4]
Calculating [-5, -6, -3, -5]
Calculating [-5, -6, -3, -6]
Calculating [-5, -6, -4, -1]
Calculating [-5, -6, -4, -2]
Calculating [-5, -6, -4, -3]
Calculating [-5, -6, -4, -4]
Calculating [-5, -6, -4, -5]
Calculating [-5, -6, -4, -6]
Calculating [-5, -6, -5, -1]
Calculating [-5, -6, -5, -2]
Calculating [-5, -6, -5, -3]
Calculating [-5, -6, -5, -4]
Calculating [-5, -6, -5, -5]
Calculating [-5, -6, -5, -6]
Calculating [-5, -6, -6, -1]
Calculating [-5, -6, -6, -2]
Calculating [-5, -6, -6, -3]
Calculating [-5, -6, -6, -4]
Calculating [-5, -6, -6, -5]
Calculating [-5, -6, -6, -6]
Calculating [-6, -1, -1, -1]
Calculating [-6, -1, -1, -2]
Calculating [-6, -1, -1, -3]
Calculating [-6, -1, -1, -4]
Calculating [-6, -1, -1, -5]
Calculating [-6, -1, -1, -6]
Calculating [-6, -1, -2, -1]
Calculating [-6, -1, -2, -2]
Calculating [-6, -1, -2, -3]
Calculating [-6, -1, -2, -4]
Calculating [-6, -1, -2, -5]
Calculating [-6, -1, -2, -6]
Calculating [-6, -1, -3, -1]
Calculating [-6, -1, -3, -2]
Calculating [-6, -1, -3, -3]
Calculating [-6, -1, -3, -4]
Calculating [-6, -1, -3, -5]
Calculating [-6, -1, -3, -6]
Calculating [-6, -1, -4, -1]
Calculating [-6, -1, -4, -2]
Calculating [-6, -1, -4, -3]
Calculating [-6, -1, -4, -4]
Calculating [-6, -1, -4, -5]
Calculating [-6, -1, -4, -6]
Calculating [-6, -1, -5, -1]
Calculating [-6, -1, -5, -2]
Calculating [-6, -1, -5, -3]
Calculating [-6, -1, -5, -4]
Calculating [-6, -1, -5, -5]
Calculating [-6, -1, -5, -6]
Calculating [-6, -1, -6, -1]
Calculating [-6, -1, -6, -2]
Calculating [-6, -1, -6, -3]
Calculating [-6, -1, -6, -4]
Calculating [-6, -1, -6, -5]
Calculating [-6, -1, -6, -6]
Calculating [-6, -2, -1, -1]
Calculating [-6, -2, -1, -2]
Calculating [-6, -2, -1, -3]
Calculating [-6, -2, -1, -4]
Calculating [-6, -2, -1, -5]
Calculating [-6, -2, -1, -6]
Calculating [-6, -2, -2, -1]
Calculating [-6, -2, -2, -2]
Calculating [-6, -2, -2, -3]
Calculating [-6, -2, -2, -4]
Calculating [-6, -2, -2, -5]
Calculating [-6, -2, -2, -6]
Calculating [-6, -2, -3, -1]
Calculating [-6, -2, -3, -2]
Calculating [-6, -2, -3, -3]
Calculating [-6, -2, -3, -4]
Calculating [-6, -2, -3, -5]
Calculating [-6, -2, -3, -6]
Calculating [-6, -2, -4, -1]
Calculating [-6, -2, -4, -2]
Calculating [-6, -2, -4, -3]
Calculating [-6, -2, -4, -4]
Calculating [-6, -2, -4, -5]
Calculating [-6, -2, -4, -6]
Calculating [-6, -2, -5, -1]
Calculating [-6, -2, -5, -2]
Calculating [-6, -2, -5, -3]
Calculating [-6, -2, -5, -4]
Calculating [-6, -2, -5, -5]
Calculating [-6, -2, -5, -6]
Calculating [-6, -2, -6, -1]
Calculating [-6, -2, -6, -2]
Calculating [-6, -2, -6, -3]
Calculating [-6, -2, -6, -4]
Calculating [-6, -2, -6, -5]
Calculating [-6, -2, -6, -6]
Calculating [-6, -3, -1, -1]
Calculating [-6, -3, -1, -2]
Calculating [-6, -3, -1, -3]
Calculating [-6, -3, -1, -4]
Calculating [-6, -3, -1, -5]
Calculating [-6, -3, -1, -6]
Calculating [-6, -3, -2, -1]
Calculating [-6, -3, -2, -2]
Calculating [-6, -3, -2, -3]
Calculating [-6, -3, -2, -4]
Calculating [-6, -3, -2, -5]
Calculating [-6, -3, -2, -6]
Calculating [-6, -3, -3, -1]
Calculating [-6, -3, -3, -2]
Calculating [-6, -3, -3, -3]
Calculating [-6, -3, -3, -4]
Calculating [-6, -3, -3, -5]
Calculating [-6, -3, -3, -6]
Calculating [-6, -3, -4, -1]
Calculating [-6, -3, -4, -2]
Calculating [-6, -3, -4, -3]
Calculating [-6, -3, -4, -4]
Calculating [-6, -3, -4, -5]
Calculating [-6, -3, -4, -6]
Calculating [-6, -3, -5, -1]
Calculating [-6, -3, -5, -2]
Calculating [-6, -3, -5, -3]
Calculating [-6, -3, -5, -4]
Calculating [-6, -3, -5, -5]
Calculating [-6, -3, -5, -6]
Calculating [-6, -3, -6, -1]
Calculating [-6, -3, -6, -2]
Calculating [-6, -3, -6, -3]
Calculating [-6, -3, -6, -4]
Calculating [-6, -3, -6, -5]
Calculating [-6, -3, -6, -6]
Calculating [-6, -4, -1, -1]
Calculating [-6, -4, -1, -2]
Calculating [-6, -4, -1, -3]
Calculating [-6, -4, -1, -4]
Calculating [-6, -4, -1, -5]
Calculating [-6, -4, -1, -6]
Calculating [-6, -4, -2, -1]
Calculating [-6, -4, -2, -2]
Calculating [-6, -4, -2, -3]
Calculating [-6, -4, -2, -4]
Calculating [-6, -4, -2, -5]
Calculating [-6, -4, -2, -6]
Calculating [-6, -4, -3, -1]
Calculating [-6, -4, -3, -2]
Calculating [-6, -4, -3, -3]
Calculating [-6, -4, -3, -4]
Calculating [-6, -4, -3, -5]
Calculating [-6, -4, -3, -6]
Calculating [-6, -4, -4, -1]
Calculating [-6, -4, -4, -2]
Calculating [-6, -4, -4, -3]
Calculating [-6, -4, -4, -4]
Calculating [-6, -4, -4, -5]
Calculating [-6, -4, -4, -6]
Calculating [-6, -4, -5, -1]
Calculating [-6, -4, -5, -2]
Calculating [-6, -4, -5, -3]
Calculating [-6, -4, -5, -4]
Calculating [-6, -4, -5, -5]
Calculating [-6, -4, -5, -6]
Calculating [-6, -4, -6, -1]
Calculating [-6, -4, -6, -2]
Calculating [-6, -4, -6, -3]
Calculating [-6, -4, -6, -4]
Calculating [-6, -4, -6, -5]
Calculating [-6, -4, -6, -6]
Calculating [-6, -5, -1, -1]
Calculating [-6, -5, -1, -2]
Calculating [-6, -5, -1, -3]
Calculating [-6, -5, -1, -4]
Calculating [-6, -5, -1, -5]
Calculating [-6, -5, -1, -6]
Calculating [-6, -5, -2, -1]
Calculating [-6, -5, -2, -2]
Calculating [-6, -5, -2, -3]
Calculating [-6, -5, -2, -4]
Calculating [-6, -5, -2, -5]
Calculating [-6, -5, -2, -6]
Calculating [-6, -5, -3, -1]
Calculating [-6, -5, -3, -2]
Calculating [-6, -5, -3, -3]
Calculating [-6, -5, -3, -4]
Calculating [-6, -5, -3, -5]
Calculating [-6, -5, -3, -6]
Calculating [-6, -5, -4, -1]
Calculating [-6, -5, -4, -2]
Calculating [-6, -5, -4, -3]
Calculating [-6, -5, -4, -4]
Calculating [-6, -5, -4, -5]
Calculating [-6, -5, -4, -6]
Calculating [-6, -5, -5, -1]
Calculating [-6, -5, -5, -2]
Calculating [-6, -5, -5, -3]
Calculating [-6, -5, -5, -4]
Calculating [-6, -5, -5, -5]
Calculating [-6, -5, -5, -6]
Calculating [-6, -5, -6, -1]
Calculating [-6, -5, -6, -2]
Calculating [-6, -5, -6, -3]
Calculating [-6, -5, -6, -4]
Calculating [-6, -5, -6, -5]
Calculating [-6, -5, -6, -6]
Calculating [-6, -6, -1, -1]
Calculating [-6, -6, -1, -2]
Calculating [-6, -6, -1, -3]
Calculating [-6, -6, -1, -4]
Calculating [-6, -6, -1, -5]
Calculating [-6, -6, -1, -6]
Calculating [-6, -6, -2, -1]
Calculating [-6, -6, -2, -2]
Calculating [-6, -6, -2, -3]
Calculating [-6, -6, -2, -4]
Calculating [-6, -6, -2, -5]
Calculating [-6, -6, -2, -6]
Calculating [-6, -6, -3, -1]
Calculating [-6, -6, -3, -2]
Calculating [-6, -6, -3, -3]
Calculating [-6, -6, -3, -4]
Calculating [-6, -6, -3, -5]
Calculating [-6, -6, -3, -6]
Calculating [-6, -6, -4, -1]
Calculating [-6, -6, -4, -2]
Calculating [-6, -6, -4, -3]
Calculating [-6, -6, -4, -4]
Calculating [-6, -6, -4, -5]
Calculating [-6, -6, -4, -6]
Calculating [-6, -6, -5, -1]
Calculating [-6, -6, -5, -2]
Calculating [-6, -6, -5, -3]
Calculating [-6, -6, -5, -4]
Calculating [-6, -6, -5, -5]
Calculating [-6, -6, -5, -6]
Calculating [-6, -6, -6, -1]
Calculating [-6, -6, -6, -2]
Calculating [-6, -6, -6, -3]
Calculating [-6, -6, -6, -4]
Calculating [-6, -6, -6, -5]
Calculating [-6, -6, -6, -6]
